Determining if the pthread_create exist failed with the following output:
Change Dir: /home/isis/MOOD2Be/BehaviorTree.CPP/CMakeFiles/CMakeTmp

Run Build Command:"/usr/bin/make" "cmTC_68898/fast"
/usr/bin/make -f CMakeFiles/cmTC_68898.dir/build.make CMakeFiles/cmTC_68898.dir/build
make[1]: se entra en el directorio '/home/isis/MOOD2Be/BehaviorTree.CPP/CMakeFiles/CMakeTmp'
Building C object CMakeFiles/cmTC_68898.dir/CheckSymbolExists.c.o
/usr/bin/cc    -fPIE   -o CMakeFiles/cmTC_68898.dir/CheckSymbolExists.c.o   -c /home/isis/MOOD2Be/BehaviorTree.CPP/CMakeFiles/CMakeTmp/CheckSymbolExists.c
Linking C executable cmTC_68898
/usr/bin/cmake -E cmake_link_script CMakeFiles/cmTC_68898.dir/link.txt --verbose=1
/usr/bin/cc       CMakeFiles/cmTC_68898.dir/CheckSymbolExists.c.o  -o cmTC_68898 -rdynamic 
CMakeFiles/cmTC_68898.dir/CheckSymbolExists.c.o: En la función `main':
CheckSymbolExists.c:(.text+0x1b): referencia a `pthread_create' sin definir
collect2: error: ld returned 1 exit status
CMakeFiles/cmTC_68898.dir/build.make:97: fallo en las instrucciones para el objetivo 'cmTC_68898'
make[1]: *** [cmTC_68898] Error 1
make[1]: se sale del directorio '/home/isis/MOOD2Be/BehaviorTree.CPP/CMakeFiles/CMakeTmp'
Makefile:126: fallo en las instrucciones para el objetivo 'cmTC_68898/fast'
make: *** [cmTC_68898/fast] Error 2

File /home/isis/MOOD2Be/BehaviorTree.CPP/CMakeFiles/CMakeTmp/CheckSymbolExists.c:
/* */
#include <pthread.h>

int main(int argc, char** argv)
{
  (void)argv;
#ifndef pthread_create
  return ((int*)(&pthread_create))[argc];
#else
  (void)argc;
  return 0;
#endif
}

Determining if the function pthread_create exists in the pthreads failed with the following output:
Change Dir: /home/isis/MOOD2Be/BehaviorTree.CPP/CMakeFiles/CMakeTmp

Run Build Command:"/usr/bin/make" "cmTC_5c637/fast"
/usr/bin/make -f CMakeFiles/cmTC_5c637.dir/build.make CMakeFiles/cmTC_5c637.dir/build
make[1]: se entra en el directorio '/home/isis/MOOD2Be/BehaviorTree.CPP/CMakeFiles/CMakeTmp'
Building C object CMakeFiles/cmTC_5c637.dir/CheckFunctionExists.c.o
/usr/bin/cc    -DCHECK_FUNCTION_EXISTS=pthread_create -fPIE   -o CMakeFiles/cmTC_5c637.dir/CheckFunctionExists.c.o   -c /usr/share/cmake-3.5/Modules/CheckFunctionExists.c
Linking C executable cmTC_5c637
/usr/bin/cmake -E cmake_link_script CMakeFiles/cmTC_5c637.dir/link.txt --verbose=1
/usr/bin/cc   -DCHECK_FUNCTION_EXISTS=pthread_create    CMakeFiles/cmTC_5c637.dir/CheckFunctionExists.c.o  -o cmTC_5c637 -rdynamic -lpthreads 
/usr/bin/ld: no se puede encontrar -lpthreads
collect2: error: ld returned 1 exit status
CMakeFiles/cmTC_5c637.dir/build.make:97: fallo en las instrucciones para el objetivo 'cmTC_5c637'
make[1]: *** [cmTC_5c637] Error 1
make[1]: se sale del directorio '/home/isis/MOOD2Be/BehaviorTree.CPP/CMakeFiles/CMakeTmp'
Makefile:126: fallo en las instrucciones para el objetivo 'cmTC_5c637/fast'
make: *** [cmTC_5c637/fast] Error 2


